15:16:31 **** Build of configuration Debug for project Mini_Project2.c ****
make all 
Building file: ../Mini_Project2.c
Invoking: AVR Compiler
avr-gcc -Wall -g2 -gstabs -O0 -fpack-struct -fshort-enums -ffunction-sections -fdata-sections -std=gnu99 -funsigned-char -funsigned-bitfields -mmcu=atmega32 -DF_CPU=1000000UL -MMD -MP -MF"Mini_Project2.d" -MT"Mini_Project2.o" -c -o "Mini_Project2.o" "../Mini_Project2.c"
In file included from ../Mini_Project2.c:2:
c:/winavr-20100110/lib/gcc/../../avr/include/util/delay.h:90:3: warning: #warning "Compiler optimizations disabled; functions from <util/delay.h> won't work as designed"
../Mini_Project2.c: In function 'main':
../Mini_Project2.c:26: warning: unused variable 'num'
Finished building: ../Mini_Project2.c
 
Building target: Mini_Project2.c.elf
Invoking: AVR C Linker
avr-gcc -Wl,-Map,Mini_Project2.c.map -mmcu=atmega32 -o "Mini_Project2.c.elf"  ./Mini_Project2.o   
Finished building target: Mini_Project2.c.elf
 
Invoking: AVR Create Extended Listing
avr-objdump -h -S Mini_Project2.c.elf  >"Mini_Project2.c.lss"
Finished building: Mini_Project2.c.lss
 
Invoking: Print Size
avr-size --format=avr --mcu=atmega32 Mini_Project2.c.elf
AVR Memory Usage
----------------
Device: atmega32

Program:     328 bytes (1.0% Full)
(.text + .data + .bootloader)

Data:          1 bytes (0.0% Full)
(.data + .bss + .noinit)


Finished building: sizedummy
 
15:19:04 **** Incremental Build of configuration Debug for project Mini_Project2.c ****
make all 
Building file: ../Mini_Project2.c
Invoking: AVR Compiler
avr-gcc -Wall -g2 -gstabs -O0 -fpack-struct -fshort-enums -ffunction-sections -fdata-sections -std=gnu99 -funsigned-char -funsigned-bitfields -mmcu=atmega32 -DF_CPU=1000000UL -MMD -MP -MF"Mini_Project2.d" -MT"Mini_Project2.o" -c -o "Mini_Project2.o" "../Mini_Project2.c"
In file included from ../Mini_Project2.c:2:
c:/winavr-20100110/lib/gcc/../../avr/include/util/delay.h:90:3: warning: #warning "Compiler optimizations disabled; functions from <util/delay.h> won't work as designed"
../Mini_Project2.c: In function 'main':
../Mini_Project2.c:26: warning: unused variable 'num'
Finished building: ../Mini_Project2.c
 
Building target: Mini_Project2.c.elf
Invoking: AVR C Linker
avr-gcc -Wl,-Map,Mini_Project2.c.map -mmcu=atmega32 -o "Mini_Project2.c.elf"  ./Mini_Project2.o   
Finished building target: Mini_Project2.c.elf
 
Invoking: AVR Create Extended Listing
avr-objdump -h -S Mini_Project2.c.elf  >"Mini_Project2.c.lss"
Finished building: Mini_Project2.c.lss
 
Invoking: Print Size
avr-size --format=avr --mcu=atmega32 Mini_Project2.c.elf
AVR Memory Usage
----------------
Device: atmega32

Program:     342 bytes (1.0% Full)
(.text + .data + .bootloader)

Data:          1 bytes (0.0% Full)
(.data + .bss + .noinit)


Finished building: sizedummy
 
15:20:34 **** Incremental Build of configuration Debug for project Mini_Project2.c ****
make all 
Building file: ../Mini_Project2.c
Invoking: AVR Compiler
avr-gcc -Wall -g2 -gstabs -O0 -fpack-struct -fshort-enums -ffunction-sections -fdata-sections -std=gnu99 -funsigned-char -funsigned-bitfields -mmcu=atmega32 -DF_CPU=1000000UL -MMD -MP -MF"Mini_Project2.d" -MT"Mini_Project2.o" -c -o "Mini_Project2.o" "../Mini_Project2.c"
In file included from ../Mini_Project2.c:2:
c:/winavr-20100110/lib/gcc/../../avr/include/util/delay.h:90:3: warning: #warning "Compiler optimizations disabled; functions from <util/delay.h> won't work as designed"
../Mini_Project2.c: In function 'main':
../Mini_Project2.c:26: warning: unused variable 'num'
Finished building: ../Mini_Project2.c
 
Building target: Mini_Project2.c.elf
Invoking: AVR C Linker
avr-gcc -Wl,-Map,Mini_Project2.c.map -mmcu=atmega32 -o "Mini_Project2.c.elf"  ./Mini_Project2.o   
Finished building target: Mini_Project2.c.elf
 
Invoking: AVR Create Extended Listing
avr-objdump -h -S Mini_Project2.c.elf  >"Mini_Project2.c.lss"
Finished building: Mini_Project2.c.lss
 
Invoking: Print Size
avr-size --format=avr --mcu=atmega32 Mini_Project2.c.elf
AVR Memory Usage
----------------
Device: atmega32

Program:     342 bytes (1.0% Full)
(.text + .data + .bootloader)

Data:          1 bytes (0.0% Full)
(.data + .bss + .noinit)


Finished building: sizedummy
 
15:24:15 **** Incremental Build of configuration Debug for project Mini_Project2.c ****
make all 
Building file: ../Mini_Project2.c
Invoking: AVR Compiler
avr-gcc -Wall -g2 -gstabs -O0 -fpack-struct -fshort-enums -ffunction-sections -fdata-sections -std=gnu99 -funsigned-char -funsigned-bitfields -mmcu=atmega32 -DF_CPU=1000000UL -MMD -MP -MF"Mini_Project2.d" -MT"Mini_Project2.o" -c -o "Mini_Project2.o" "../Mini_Project2.c"
In file included from ../Mini_Project2.c:2:
c:/winavr-20100110/lib/gcc/../../avr/include/util/delay.h:90:3: warning: #warning "Compiler optimizations disabled; functions from <util/delay.h> won't work as designed"
Finished building: ../Mini_Project2.c
 
Building target: Mini_Project2.c.elf
Invoking: AVR C Linker
avr-gcc -Wl,-Map,Mini_Project2.c.map -mmcu=atmega32 -o "Mini_Project2.c.elf"  ./Mini_Project2.o   
Finished building target: Mini_Project2.c.elf
 
Invoking: AVR Create Extended Listing
avr-objdump -h -S Mini_Project2.c.elf  >"Mini_Project2.c.lss"
Finished building: Mini_Project2.c.lss
 
Invoking: Print Size
avr-size --format=avr --mcu=atmega32 Mini_Project2.c.elf
AVR Memory Usage
----------------
Device: atmega32

Program:     350 bytes (1.1% Full)
(.text + .data + .bootloader)

Data:          6 bytes (0.3% Full)
(.data + .bss + .noinit)


Finished building: sizedummy
 
15:25:17 **** Incremental Build of configuration Debug for project Mini_Project2.c ****
make all 
Invoking: Print Size
avr-size --format=avr --mcu=atmega32 Mini_Project2.c.elf
AVR Memory Usage
----------------
Device: atmega32

Program:     350 bytes (1.1% Full)
(.text + .data + .bootloader)

Data:          6 bytes (0.3% Full)
(.data + .bss + .noinit)


Finished building: sizedummy
 
15:26:40 **** Incremental Build of configuration Debug for project Mini_Project2.c ****
make all 
Building file: ../Mini_Project2.c
Invoking: AVR Compiler
avr-gcc -Wall -g2 -gstabs -O0 -fpack-struct -fshort-enums -ffunction-sections -fdata-sections -std=gnu99 -funsigned-char -funsigned-bitfields -mmcu=atmega32 -DF_CPU=1000000UL -MMD -MP -MF"Mini_Project2.d" -MT"Mini_Project2.o" -c -o "Mini_Project2.o" "../Mini_Project2.c"
In file included from ../Mini_Project2.c:2:
c:/winavr-20100110/lib/gcc/../../avr/include/util/delay.h:90:3: warning: #warning "Compiler optimizations disabled; functions from <util/delay.h> won't work as designed"
../Mini_Project2.c: In function 'main':
../Mini_Project2.c:43: warning: implicit declaration of function '_mdelay_ms'
Finished building: ../Mini_Project2.c
 
Building target: Mini_Project2.c.elf
Invoking: AVR C Linker
avr-gcc -Wl,-Map,Mini_Project2.c.map -mmcu=atmega32 -o "Mini_Project2.c.elf"  ./Mini_Project2.o   
./Mini_Project2.o: In function `__vector_7':
../Mini_Project2.c:9: undefined reference to `_mdelay_ms'
make: *** [Mini_Project2.c.elf] Error 1
"make all" terminated with exit code 2. Build might be incomplete.
15:26:49 **** Incremental Build of configuration Debug for project Mini_Project2.c ****
make all 
Building file: ../Mini_Project2.c
Invoking: AVR Compiler
avr-gcc -Wall -g2 -gstabs -O0 -fpack-struct -fshort-enums -ffunction-sections -fdata-sections -std=gnu99 -funsigned-char -funsigned-bitfields -mmcu=atmega32 -DF_CPU=1000000UL -MMD -MP -MF"Mini_Project2.d" -MT"Mini_Project2.o" -c -o "Mini_Project2.o" "../Mini_Project2.c"
In file included from ../Mini_Project2.c:2:
c:/winavr-20100110/lib/gcc/../../avr/include/util/delay.h:90:3: warning: #warning "Compiler optimizations disabled; functions from <util/delay.h> won't work as designed"
Finished building: ../Mini_Project2.c
 
Building target: Mini_Project2.c.elf
Invoking: AVR C Linker
avr-gcc -Wl,-Map,Mini_Project2.c.map -mmcu=atmega32 -o "Mini_Project2.c.elf"  ./Mini_Project2.o   
Finished building target: Mini_Project2.c.elf
 
Invoking: AVR Create Extended Listing
avr-objdump -h -S Mini_Project2.c.elf  >"Mini_Project2.c.lss"
Finished building: Mini_Project2.c.lss
 
Invoking: Print Size
avr-size --format=avr --mcu=atmega32 Mini_Project2.c.elf
AVR Memory Usage
----------------
Device: atmega32

Program:     356 bytes (1.1% Full)
(.text + .data + .bootloader)

Data:          6 bytes (0.3% Full)
(.data + .bss + .noinit)


Finished building: sizedummy
 
15:27:38 **** Incremental Build of configuration Debug for project Mini_Project2.c ****
make all 
Building file: ../Mini_Project2.c
Invoking: AVR Compiler
avr-gcc -Wall -g2 -gstabs -O0 -fpack-struct -fshort-enums -ffunction-sections -fdata-sections -std=gnu99 -funsigned-char -funsigned-bitfields -mmcu=atmega32 -DF_CPU=1000000UL -MMD -MP -MF"Mini_Project2.d" -MT"Mini_Project2.o" -c -o "Mini_Project2.o" "../Mini_Project2.c"
In file included from ../Mini_Project2.c:2:
c:/winavr-20100110/lib/gcc/../../avr/include/util/delay.h:90:3: warning: #warning "Compiler optimizations disabled; functions from <util/delay.h> won't work as designed"
Finished building: ../Mini_Project2.c
 
Building target: Mini_Project2.c.elf
Invoking: AVR C Linker
avr-gcc -Wl,-Map,Mini_Project2.c.map -mmcu=atmega32 -o "Mini_Project2.c.elf"  ./Mini_Project2.o   
Finished building target: Mini_Project2.c.elf
 
Invoking: AVR Create Extended Listing
avr-objdump -h -S Mini_Project2.c.elf  >"Mini_Project2.c.lss"
Finished building: Mini_Project2.c.lss
 
Invoking: Print Size
avr-size --format=avr --mcu=atmega32 Mini_Project2.c.elf
AVR Memory Usage
----------------
Device: atmega32

Program:     360 bytes (1.1% Full)
(.text + .data + .bootloader)

Data:          6 bytes (0.3% Full)
(.data + .bss + .noinit)


Finished building: sizedummy
 
15:27:58 **** Incremental Build of configuration Debug for project Mini_Project2.c ****
make all 
Building file: ../Mini_Project2.c
Invoking: AVR Compiler
avr-gcc -Wall -g2 -gstabs -O0 -fpack-struct -fshort-enums -ffunction-sections -fdata-sections -std=gnu99 -funsigned-char -funsigned-bitfields -mmcu=atmega32 -DF_CPU=1000000UL -MMD -MP -MF"Mini_Project2.d" -MT"Mini_Project2.o" -c -o "Mini_Project2.o" "../Mini_Project2.c"
In file included from ../Mini_Project2.c:2:
c:/winavr-20100110/lib/gcc/../../avr/include/util/delay.h:90:3: warning: #warning "Compiler optimizations disabled; functions from <util/delay.h> won't work as designed"
../Mini_Project2.c: In function 'main':
../Mini_Project2.c:43: warning: implicit declaration of function '_mdelay_ms'
Finished building: ../Mini_Project2.c
 
Building target: Mini_Project2.c.elf
Invoking: AVR C Linker
avr-gcc -Wl,-Map,Mini_Project2.c.map -mmcu=atmega32 -o "Mini_Project2.c.elf"  ./Mini_Project2.o   
./Mini_Project2.o: In function `__vector_7':
../Mini_Project2.c:9: undefined reference to `_mdelay_ms'
make: *** [Mini_Project2.c.elf] Error 1
"make all" terminated with exit code 2. Build might be incomplete.
15:28:25 **** Incremental Build of configuration Debug for project Mini_Project2.c ****
make all 
Building file: ../Mini_Project2.c
Invoking: AVR Compiler
avr-gcc -Wall -g2 -gstabs -O0 -fpack-struct -fshort-enums -ffunction-sections -fdata-sections -std=gnu99 -funsigned-char -funsigned-bitfields -mmcu=atmega32 -DF_CPU=1000000UL -MMD -MP -MF"Mini_Project2.d" -MT"Mini_Project2.o" -c -o "Mini_Project2.o" "../Mini_Project2.c"
In file included from ../Mini_Project2.c:2:
c:/winavr-20100110/lib/gcc/../../avr/include/util/delay.h:90:3: warning: #warning "Compiler optimizations disabled; functions from <util/delay.h> won't work as designed"
Finished building: ../Mini_Project2.c
 
Building target: Mini_Project2.c.elf
Invoking: AVR C Linker
avr-gcc -Wl,-Map,Mini_Project2.c.map -mmcu=atmega32 -o "Mini_Project2.c.elf"  ./Mini_Project2.o   
Finished building target: Mini_Project2.c.elf
 
Invoking: AVR Create Extended Listing
avr-objdump -h -S Mini_Project2.c.elf  >"Mini_Project2.c.lss"
Finished building: Mini_Project2.c.lss
 
Invoking: Print Size
avr-size --format=avr --mcu=atmega32 Mini_Project2.c.elf
AVR Memory Usage
----------------
Device: atmega32

Program:     360 bytes (1.1% Full)
(.text + .data + .bootloader)

Data:          6 bytes (0.3% Full)
(.data + .bss + .noinit)


Finished building: sizedummy
 
15:28:41 **** Incremental Build of configuration Debug for project Mini_Project2.c ****
make all 
Building file: ../Mini_Project2.c
Invoking: AVR Compiler
avr-gcc -Wall -g2 -gstabs -O0 -fpack-struct -fshort-enums -ffunction-sections -fdata-sections -std=gnu99 -funsigned-char -funsigned-bitfields -mmcu=atmega32 -DF_CPU=1000000UL -MMD -MP -MF"Mini_Project2.d" -MT"Mini_Project2.o" -c -o "Mini_Project2.o" "../Mini_Project2.c"
In file included from ../Mini_Project2.c:2:
c:/winavr-20100110/lib/gcc/../../avr/include/util/delay.h:90:3: warning: #warning "Compiler optimizations disabled; functions from <util/delay.h> won't work as designed"
Finished building: ../Mini_Project2.c
 
Building target: Mini_Project2.c.elf
Invoking: AVR C Linker
avr-gcc -Wl,-Map,Mini_Project2.c.map -mmcu=atmega32 -o "Mini_Project2.c.elf"  ./Mini_Project2.o   
Finished building target: Mini_Project2.c.elf
 
Invoking: AVR Create Extended Listing
avr-objdump -h -S Mini_Project2.c.elf  >"Mini_Project2.c.lss"
Finished building: Mini_Project2.c.lss
 
Invoking: Print Size
avr-size --format=avr --mcu=atmega32 Mini_Project2.c.elf
AVR Memory Usage
----------------
Device: atmega32

Program:    3480 bytes (10.6% Full)
(.text + .data + .bootloader)

Data:         14 bytes (0.7% Full)
(.data + .bss + .noinit)


Finished building: sizedummy
 
15:30:07 **** Incremental Build of configuration Debug for project Mini_Project2.c ****
make all 
Building file: ../Mini_Project2.c
Invoking: AVR Compiler
avr-gcc -Wall -g2 -gstabs -O0 -fpack-struct -fshort-enums -ffunction-sections -fdata-sections -std=gnu99 -funsigned-char -funsigned-bitfields -mmcu=atmega32 -DF_CPU=1000000UL -MMD -MP -MF"Mini_Project2.d" -MT"Mini_Project2.o" -c -o "Mini_Project2.o" "../Mini_Project2.c"
In file included from ../Mini_Project2.c:2:
c:/winavr-20100110/lib/gcc/../../avr/include/util/delay.h:90:3: warning: #warning "Compiler optimizations disabled; functions from <util/delay.h> won't work as designed"
Finished building: ../Mini_Project2.c
 
Building target: Mini_Project2.c.elf
Invoking: AVR C Linker
avr-gcc -Wl,-Map,Mini_Project2.c.map -mmcu=atmega32 -o "Mini_Project2.c.elf"  ./Mini_Project2.o   
Finished building target: Mini_Project2.c.elf
 
Invoking: AVR Create Extended Listing
avr-objdump -h -S Mini_Project2.c.elf  >"Mini_Project2.c.lss"
Finished building: Mini_Project2.c.lss
 
Invoking: Print Size
avr-size --format=avr --mcu=atmega32 Mini_Project2.c.elf
AVR Memory Usage
----------------
Device: atmega32

Program:     344 bytes (1.0% Full)
(.text + .data + .bootloader)

Data:          6 bytes (0.3% Full)
(.data + .bss + .noinit)


Finished building: sizedummy
 
15:31:43 **** Incremental Build of configuration Debug for project Mini_Project2.c ****
make all 
Building file: ../Mini_Project2.c
Invoking: AVR Compiler
avr-gcc -Wall -g2 -gstabs -O0 -fpack-struct -fshort-enums -ffunction-sections -fdata-sections -std=gnu99 -funsigned-char -funsigned-bitfields -mmcu=atmega32 -DF_CPU=1000000UL -MMD -MP -MF"Mini_Project2.d" -MT"Mini_Project2.o" -c -o "Mini_Project2.o" "../Mini_Project2.c"
In file included from ../Mini_Project2.c:2:
c:/winavr-20100110/lib/gcc/../../avr/include/util/delay.h:90:3: warning: #warning "Compiler optimizations disabled; functions from <util/delay.h> won't work as designed"
Finished building: ../Mini_Project2.c
 
Building target: Mini_Project2.c.elf
Invoking: AVR C Linker
avr-gcc -Wl,-Map,Mini_Project2.c.map -mmcu=atmega32 -o "Mini_Project2.c.elf"  ./Mini_Project2.o   
Finished building target: Mini_Project2.c.elf
 
Invoking: AVR Create Extended Listing
avr-objdump -h -S Mini_Project2.c.elf  >"Mini_Project2.c.lss"
Finished building: Mini_Project2.c.lss
 
Invoking: Print Size
avr-size --format=avr --mcu=atmega32 Mini_Project2.c.elf
AVR Memory Usage
----------------
Device: atmega32

Program:    3968 bytes (12.1% Full)
(.text + .data + .bootloader)

Data:         14 bytes (0.7% Full)
(.data + .bss + .noinit)


Finished building: sizedummy
 
15:33:41 **** Incremental Build of configuration Debug for project Mini_Project2.c ****
make all 
Building file: ../Mini_Project2.c
Invoking: AVR Compiler
avr-gcc -Wall -g2 -gstabs -O0 -fpack-struct -fshort-enums -ffunction-sections -fdata-sections -std=gnu99 -funsigned-char -funsigned-bitfields -mmcu=atmega32 -DF_CPU=1000000UL -MMD -MP -MF"Mini_Project2.d" -MT"Mini_Project2.o" -c -o "Mini_Project2.o" "../Mini_Project2.c"
In file included from ../Mini_Project2.c:2:
c:/winavr-20100110/lib/gcc/../../avr/include/util/delay.h:90:3: warning: #warning "Compiler optimizations disabled; functions from <util/delay.h> won't work as designed"
Finished building: ../Mini_Project2.c
 
Building target: Mini_Project2.c.elf
Invoking: AVR C Linker
avr-gcc -Wl,-Map,Mini_Project2.c.map -mmcu=atmega32 -o "Mini_Project2.c.elf"  ./Mini_Project2.o   
Finished building target: Mini_Project2.c.elf
 
Invoking: AVR Create Extended Listing
avr-objdump -h -S Mini_Project2.c.elf  >"Mini_Project2.c.lss"
Finished building: Mini_Project2.c.lss
 
Invoking: Print Size
avr-size --format=avr --mcu=atmega32 Mini_Project2.c.elf
AVR Memory Usage
----------------
Device: atmega32

Program:    3982 bytes (12.2% Full)
(.text + .data + .bootloader)

Data:         14 bytes (0.7% Full)
(.data + .bss + .noinit)


Finished building: sizedummy
 
15:35:11 **** Incremental Build of configuration Debug for project Mini_Project2.c ****
make all 
Building file: ../Mini_Project2.c
Invoking: AVR Compiler
avr-gcc -Wall -g2 -gstabs -O0 -fpack-struct -fshort-enums -ffunction-sections -fdata-sections -std=gnu99 -funsigned-char -funsigned-bitfields -mmcu=atmega32 -DF_CPU=1000000UL -MMD -MP -MF"Mini_Project2.d" -MT"Mini_Project2.o" -c -o "Mini_Project2.o" "../Mini_Project2.c"
In file included from ../Mini_Project2.c:2:
c:/winavr-20100110/lib/gcc/../../avr/include/util/delay.h:90:3: warning: #warning "Compiler optimizations disabled; functions from <util/delay.h> won't work as designed"
Finished building: ../Mini_Project2.c
 
Building target: Mini_Project2.c.elf
Invoking: AVR C Linker
avr-gcc -Wl,-Map,Mini_Project2.c.map -mmcu=atmega32 -o "Mini_Project2.c.elf"  ./Mini_Project2.o   
Finished building target: Mini_Project2.c.elf
 
Invoking: AVR Create Extended Listing
avr-objdump -h -S Mini_Project2.c.elf  >"Mini_Project2.c.lss"
Finished building: Mini_Project2.c.lss
 
Invoking: Print Size
avr-size --format=avr --mcu=atmega32 Mini_Project2.c.elf
AVR Memory Usage
----------------
Device: atmega32

Program:    3976 bytes (12.1% Full)
(.text + .data + .bootloader)

Data:         14 bytes (0.7% Full)
(.data + .bss + .noinit)


Finished building: sizedummy
 
15:35:42 **** Incremental Build of configuration Debug for project Mini_Project2.c ****
make all 
Building file: ../Mini_Project2.c
Invoking: AVR Compiler
avr-gcc -Wall -g2 -gstabs -O0 -fpack-struct -fshort-enums -ffunction-sections -fdata-sections -std=gnu99 -funsigned-char -funsigned-bitfields -mmcu=atmega32 -DF_CPU=1000000UL -MMD -MP -MF"Mini_Project2.d" -MT"Mini_Project2.o" -c -o "Mini_Project2.o" "../Mini_Project2.c"
In file included from ../Mini_Project2.c:2:
c:/winavr-20100110/lib/gcc/../../avr/include/util/delay.h:90:3: warning: #warning "Compiler optimizations disabled; functions from <util/delay.h> won't work as designed"
Finished building: ../Mini_Project2.c
 
Building target: Mini_Project2.c.elf
Invoking: AVR C Linker
avr-gcc -Wl,-Map,Mini_Project2.c.map -mmcu=atmega32 -o "Mini_Project2.c.elf"  ./Mini_Project2.o   
Finished building target: Mini_Project2.c.elf
 
Invoking: AVR Create Extended Listing
avr-objdump -h -S Mini_Project2.c.elf  >"Mini_Project2.c.lss"
Finished building: Mini_Project2.c.lss
 
Invoking: Print Size
avr-size --format=avr --mcu=atmega32 Mini_Project2.c.elf
AVR Memory Usage
----------------
Device: atmega32

Program:    3988 bytes (12.2% Full)
(.text + .data + .bootloader)

Data:         14 bytes (0.7% Full)
(.data + .bss + .noinit)


Finished building: sizedummy
 
15:37:19 **** Incremental Build of configuration Debug for project Mini_Project2.c ****
make all 
Building file: ../Mini_Project2.c
Invoking: AVR Compiler
avr-gcc -Wall -g2 -gstabs -O0 -fpack-struct -fshort-enums -ffunction-sections -fdata-sections -std=gnu99 -funsigned-char -funsigned-bitfields -mmcu=atmega32 -DF_CPU=1000000UL -MMD -MP -MF"Mini_Project2.d" -MT"Mini_Project2.o" -c -o "Mini_Project2.o" "../Mini_Project2.c"
In file included from ../Mini_Project2.c:2:
c:/winavr-20100110/lib/gcc/../../avr/include/util/delay.h:90:3: warning: #warning "Compiler optimizations disabled; functions from <util/delay.h> won't work as designed"
Finished building: ../Mini_Project2.c
 
Building target: Mini_Project2.c.elf
Invoking: AVR C Linker
avr-gcc -Wl,-Map,Mini_Project2.c.map -mmcu=atmega32 -o "Mini_Project2.c.elf"  ./Mini_Project2.o   
Finished building target: Mini_Project2.c.elf
 
Invoking: AVR Create Extended Listing
avr-objdump -h -S Mini_Project2.c.elf  >"Mini_Project2.c.lss"
Finished building: Mini_Project2.c.lss
 
Invoking: Print Size
avr-size --format=avr --mcu=atmega32 Mini_Project2.c.elf
AVR Memory Usage
----------------
Device: atmega32

Program:    3988 bytes (12.2% Full)
(.text + .data + .bootloader)

Data:         14 bytes (0.7% Full)
(.data + .bss + .noinit)


Finished building: sizedummy
 
15:43:25 **** Incremental Build of configuration Debug for project Mini_Project2.c ****
make all 
Building file: ../Mini_Project2.c
Invoking: AVR Compiler
avr-gcc -Wall -g2 -gstabs -O0 -fpack-struct -fshort-enums -ffunction-sections -fdata-sections -std=gnu99 -funsigned-char -funsigned-bitfields -mmcu=atmega32 -DF_CPU=1000000UL -MMD -MP -MF"Mini_Project2.d" -MT"Mini_Project2.o" -c -o "Mini_Project2.o" "../Mini_Project2.c"
In file included from ../Mini_Project2.c:2:
c:/winavr-20100110/lib/gcc/../../avr/include/util/delay.h:90:3: warning: #warning "Compiler optimizations disabled; functions from <util/delay.h> won't work as designed"
Finished building: ../Mini_Project2.c
 
Building target: Mini_Project2.c.elf
Invoking: AVR C Linker
avr-gcc -Wl,-Map,Mini_Project2.c.map -mmcu=atmega32 -o "Mini_Project2.c.elf"  ./Mini_Project2.o   
Finished building target: Mini_Project2.c.elf
 
Invoking: AVR Create Extended Listing
avr-objdump -h -S Mini_Project2.c.elf  >"Mini_Project2.c.lss"
Finished building: Mini_Project2.c.lss
 
Invoking: Print Size
avr-size --format=avr --mcu=atmega32 Mini_Project2.c.elf
AVR Memory Usage
----------------
Device: atmega32

Program:    6982 bytes (21.3% Full)
(.text + .data + .bootloader)

Data:         14 bytes (0.7% Full)
(.data + .bss + .noinit)


Finished building: sizedummy
 
15:45:01 **** Incremental Build of configuration Debug for project Mini_Project2.c ****
make all 
Building file: ../Mini_Project2.c
Invoking: AVR Compiler
avr-gcc -Wall -g2 -gstabs -O0 -fpack-struct -fshort-enums -ffunction-sections -fdata-sections -std=gnu99 -funsigned-char -funsigned-bitfields -mmcu=atmega32 -DF_CPU=1000000UL -MMD -MP -MF"Mini_Project2.d" -MT"Mini_Project2.o" -c -o "Mini_Project2.o" "../Mini_Project2.c"
In file included from ../Mini_Project2.c:2:
c:/winavr-20100110/lib/gcc/../../avr/include/util/delay.h:90:3: warning: #warning "Compiler optimizations disabled; functions from <util/delay.h> won't work as designed"
Finished building: ../Mini_Project2.c
 
Building target: Mini_Project2.c.elf
Invoking: AVR C Linker
avr-gcc -Wl,-Map,Mini_Project2.c.map -mmcu=atmega32 -o "Mini_Project2.c.elf"  ./Mini_Project2.o   
Finished building target: Mini_Project2.c.elf
 
Invoking: AVR Create Extended Listing
avr-objdump -h -S Mini_Project2.c.elf  >"Mini_Project2.c.lss"
Finished building: Mini_Project2.c.lss
 
Invoking: Print Size
avr-size --format=avr --mcu=atmega32 Mini_Project2.c.elf
AVR Memory Usage
----------------
Device: atmega32

Program:    6982 bytes (21.3% Full)
(.text + .data + .bootloader)

Data:         14 bytes (0.7% Full)
(.data + .bss + .noinit)


Finished building: sizedummy
 
15:46:51 **** Incremental Build of configuration Debug for project Mini_Project2.c ****
make all 
Building file: ../Mini_Project2.c
Invoking: AVR Compiler
avr-gcc -Wall -g2 -gstabs -O0 -fpack-struct -fshort-enums -ffunction-sections -fdata-sections -std=gnu99 -funsigned-char -funsigned-bitfields -mmcu=atmega32 -DF_CPU=1000000UL -MMD -MP -MF"Mini_Project2.d" -MT"Mini_Project2.o" -c -o "Mini_Project2.o" "../Mini_Project2.c"
In file included from ../Mini_Project2.c:2:
c:/winavr-20100110/lib/gcc/../../avr/include/util/delay.h:90:3: warning: #warning "Compiler optimizations disabled; functions from <util/delay.h> won't work as designed"
Finished building: ../Mini_Project2.c
 
Building target: Mini_Project2.c.elf
Invoking: AVR C Linker
avr-gcc -Wl,-Map,Mini_Project2.c.map -mmcu=atmega32 -o "Mini_Project2.c.elf"  ./Mini_Project2.o   
Finished building target: Mini_Project2.c.elf
 
Invoking: AVR Create Extended Listing
avr-objdump -h -S Mini_Project2.c.elf  >"Mini_Project2.c.lss"
Finished building: Mini_Project2.c.lss
 
Invoking: Print Size
avr-size --format=avr --mcu=atmega32 Mini_Project2.c.elf
AVR Memory Usage
----------------
Device: atmega32

Program:    6876 bytes (21.0% Full)
(.text + .data + .bootloader)

Data:         14 bytes (0.7% Full)
(.data + .bss + .noinit)


Finished building: sizedummy
 
15:47:46 **** Incremental Build of configuration Debug for project Mini_Project2.c ****
make all 
Building file: ../Mini_Project2.c
Invoking: AVR Compiler
avr-gcc -Wall -g2 -gstabs -O0 -fpack-struct -fshort-enums -ffunction-sections -fdata-sections -std=gnu99 -funsigned-char -funsigned-bitfields -mmcu=atmega32 -DF_CPU=1000000UL -MMD -MP -MF"Mini_Project2.d" -MT"Mini_Project2.o" -c -o "Mini_Project2.o" "../Mini_Project2.c"
In file included from ../Mini_Project2.c:2:
c:/winavr-20100110/lib/gcc/../../avr/include/util/delay.h:90:3: warning: #warning "Compiler optimizations disabled; functions from <util/delay.h> won't work as designed"
Finished building: ../Mini_Project2.c
 
Building target: Mini_Project2.c.elf
Invoking: AVR C Linker
avr-gcc -Wl,-Map,Mini_Project2.c.map -mmcu=atmega32 -o "Mini_Project2.c.elf"  ./Mini_Project2.o   
Finished building target: Mini_Project2.c.elf
 
Invoking: AVR Create Extended Listing
avr-objdump -h -S Mini_Project2.c.elf  >"Mini_Project2.c.lss"
Finished building: Mini_Project2.c.lss
 
Invoking: Print Size
avr-size --format=avr --mcu=atmega32 Mini_Project2.c.elf
AVR Memory Usage
----------------
Device: atmega32

Program:    6876 bytes (21.0% Full)
(.text + .data + .bootloader)

Data:         14 bytes (0.7% Full)
(.data + .bss + .noinit)


Finished building: sizedummy
 
15:49:02 **** Incremental Build of configuration Debug for project Mini_Project2.c ****
make all 
Building file: ../Mini_Project2.c
Invoking: AVR Compiler
avr-gcc -Wall -g2 -gstabs -O0 -fpack-struct -fshort-enums -ffunction-sections -fdata-sections -std=gnu99 -funsigned-char -funsigned-bitfields -mmcu=atmega32 -DF_CPU=1000000UL -MMD -MP -MF"Mini_Project2.d" -MT"Mini_Project2.o" -c -o "Mini_Project2.o" "../Mini_Project2.c"
In file included from ../Mini_Project2.c:2:
c:/winavr-20100110/lib/gcc/../../avr/include/util/delay.h:90:3: warning: #warning "Compiler optimizations disabled; functions from <util/delay.h> won't work as designed"
Finished building: ../Mini_Project2.c
 
Building target: Mini_Project2.c.elf
Invoking: AVR C Linker
avr-gcc -Wl,-Map,Mini_Project2.c.map -mmcu=atmega32 -o "Mini_Project2.c.elf"  ./Mini_Project2.o   
Finished building target: Mini_Project2.c.elf
 
Invoking: AVR Create Extended Listing
avr-objdump -h -S Mini_Project2.c.elf  >"Mini_Project2.c.lss"
Finished building: Mini_Project2.c.lss
 
Invoking: Print Size
avr-size --format=avr --mcu=atmega32 Mini_Project2.c.elf
AVR Memory Usage
----------------
Device: atmega32

Program:    6982 bytes (21.3% Full)
(.text + .data + .bootloader)

Data:         14 bytes (0.7% Full)
(.data + .bss + .noinit)


Finished building: sizedummy
 
16:05:46 **** Incremental Build of configuration Debug for project Mini_Project2.c ****
make all 
Building file: ../Mini_Project2.c
Invoking: AVR Compiler
avr-gcc -Wall -g2 -gstabs -O0 -fpack-struct -fshort-enums -ffunction-sections -fdata-sections -std=gnu99 -funsigned-char -funsigned-bitfields -mmcu=atmega32 -DF_CPU=1000000UL -MMD -MP -MF"Mini_Project2.d" -MT"Mini_Project2.o" -c -o "Mini_Project2.o" "../Mini_Project2.c"
In file included from ../Mini_Project2.c:2:
c:/winavr-20100110/lib/gcc/../../avr/include/util/delay.h:90:3: warning: #warning "Compiler optimizations disabled; functions from <util/delay.h> won't work as designed"
../Mini_Project2.c: In function '__vector_1':
../Mini_Project2.c:16: warning: array subscript has type 'char'
../Mini_Project2.c: In function 'main':
../Mini_Project2.c:45: error: too many arguments to function 'INT0_intil'
../Mini_Project2.c:45: error: invalid use of void expression
make: *** [Mini_Project2.o] Error 1
"make all" terminated with exit code 2. Build might be incomplete.
16:06:16 **** Incremental Build of configuration Debug for project Mini_Project2.c ****
make all 
Building file: ../Mini_Project2.c
Invoking: AVR Compiler
avr-gcc -Wall -g2 -gstabs -O0 -fpack-struct -fshort-enums -ffunction-sections -fdata-sections -std=gnu99 -funsigned-char -funsigned-bitfields -mmcu=atmega32 -DF_CPU=1000000UL -MMD -MP -MF"Mini_Project2.d" -MT"Mini_Project2.o" -c -o "Mini_Project2.o" "../Mini_Project2.c"
In file included from ../Mini_Project2.c:2:
c:/winavr-20100110/lib/gcc/../../avr/include/util/delay.h:90:3: warning: #warning "Compiler optimizations disabled; functions from <util/delay.h> won't work as designed"
../Mini_Project2.c: In function '__vector_1':
../Mini_Project2.c:16: warning: array subscript has type 'char'
Finished building: ../Mini_Project2.c
 
Building target: Mini_Project2.c.elf
Invoking: AVR C Linker
avr-gcc -Wl,-Map,Mini_Project2.c.map -mmcu=atmega32 -o "Mini_Project2.c.elf"  ./Mini_Project2.o   
Finished building target: Mini_Project2.c.elf
 
Invoking: AVR Create Extended Listing
avr-objdump -h -S Mini_Project2.c.elf  >"Mini_Project2.c.lss"
Finished building: Mini_Project2.c.lss
 
Invoking: Print Size
avr-size --format=avr --mcu=atmega32 Mini_Project2.c.elf
AVR Memory Usage
----------------
Device: atmega32

Program:    7138 bytes (21.8% Full)
(.text + .data + .bootloader)

Data:         14 bytes (0.7% Full)
(.data + .bss + .noinit)


Finished building: sizedummy
 
16:09:14 **** Incremental Build of configuration Debug for project Mini_Project2.c ****
make all 
Building file: ../Mini_Project2.c
Invoking: AVR Compiler
avr-gcc -Wall -g2 -gstabs -O0 -fpack-struct -fshort-enums -ffunction-sections -fdata-sections -std=gnu99 -funsigned-char -funsigned-bitfields -mmcu=atmega32 -DF_CPU=1000000UL -MMD -MP -MF"Mini_Project2.d" -MT"Mini_Project2.o" -c -o "Mini_Project2.o" "../Mini_Project2.c"
In file included from ../Mini_Project2.c:2:
c:/winavr-20100110/lib/gcc/../../avr/include/util/delay.h:90:3: warning: #warning "Compiler optimizations disabled; functions from <util/delay.h> won't work as designed"
Finished building: ../Mini_Project2.c
 
Building target: Mini_Project2.c.elf
Invoking: AVR C Linker
avr-gcc -Wl,-Map,Mini_Project2.c.map -mmcu=atmega32 -o "Mini_Project2.c.elf"  ./Mini_Project2.o   
Finished building target: Mini_Project2.c.elf
 
Invoking: AVR Create Extended Listing
avr-objdump -h -S Mini_Project2.c.elf  >"Mini_Project2.c.lss"
Finished building: Mini_Project2.c.lss
 
Invoking: Print Size
avr-size --format=avr --mcu=atmega32 Mini_Project2.c.elf
AVR Memory Usage
----------------
Device: atmega32

Program:    7148 bytes (21.8% Full)
(.text + .data + .bootloader)

Data:         14 bytes (0.7% Full)
(.data + .bss + .noinit)


Finished building: sizedummy
 
16:09:29 **** Incremental Build of configuration Debug for project Mini_Project2.c ****
make all 
Building file: ../Mini_Project2.c
Invoking: AVR Compiler
avr-gcc -Wall -g2 -gstabs -O0 -fpack-struct -fshort-enums -ffunction-sections -fdata-sections -std=gnu99 -funsigned-char -funsigned-bitfields -mmcu=atmega32 -DF_CPU=1000000UL -MMD -MP -MF"Mini_Project2.d" -MT"Mini_Project2.o" -c -o "Mini_Project2.o" "../Mini_Project2.c"
In file included from ../Mini_Project2.c:2:
c:/winavr-20100110/lib/gcc/../../avr/include/util/delay.h:90:3: warning: #warning "Compiler optimizations disabled; functions from <util/delay.h> won't work as designed"
Finished building: ../Mini_Project2.c
 
Building target: Mini_Project2.c.elf
Invoking: AVR C Linker
avr-gcc -Wl,-Map,Mini_Project2.c.map -mmcu=atmega32 -o "Mini_Project2.c.elf"  ./Mini_Project2.o   
Finished building target: Mini_Project2.c.elf
 
Invoking: AVR Create Extended Listing
avr-objdump -h -S Mini_Project2.c.elf  >"Mini_Project2.c.lss"
Finished building: Mini_Project2.c.lss
 
Invoking: Print Size
avr-size --format=avr --mcu=atmega32 Mini_Project2.c.elf
AVR Memory Usage
----------------
Device: atmega32

Program:    7138 bytes (21.8% Full)
(.text + .data + .bootloader)

Data:         14 bytes (0.7% Full)
(.data + .bss + .noinit)


Finished building: sizedummy
 
16:17:53 **** Incremental Build of configuration Debug for project Mini_Project2.c ****
make all 
Building file: ../Mini_Project2.c
Invoking: AVR Compiler
avr-gcc -Wall -g2 -gstabs -O0 -fpack-struct -fshort-enums -ffunction-sections -fdata-sections -std=gnu99 -funsigned-char -funsigned-bitfields -mmcu=atmega32 -DF_CPU=1000000UL -MMD -MP -MF"Mini_Project2.d" -MT"Mini_Project2.o" -c -o "Mini_Project2.o" "../Mini_Project2.c"
In file included from ../Mini_Project2.c:2:
c:/winavr-20100110/lib/gcc/../../avr/include/util/delay.h:90:3: warning: #warning "Compiler optimizations disabled; functions from <util/delay.h> won't work as designed"
Finished building: ../Mini_Project2.c
 
Building target: Mini_Project2.c.elf
Invoking: AVR C Linker
avr-gcc -Wl,-Map,Mini_Project2.c.map -mmcu=atmega32 -o "Mini_Project2.c.elf"  ./Mini_Project2.o   
Finished building target: Mini_Project2.c.elf
 
Invoking: AVR Create Extended Listing
avr-objdump -h -S Mini_Project2.c.elf  >"Mini_Project2.c.lss"
Finished building: Mini_Project2.c.lss
 
Invoking: Print Size
avr-size --format=avr --mcu=atmega32 Mini_Project2.c.elf
AVR Memory Usage
----------------
Device: atmega32

Program:    7278 bytes (22.2% Full)
(.text + .data + .bootloader)

Data:         14 bytes (0.7% Full)
(.data + .bss + .noinit)


Finished building: sizedummy
 
16:20:46 **** Incremental Build of configuration Debug for project Mini_Project2.c ****
make all 
Building file: ../Mini_Project2.c
Invoking: AVR Compiler
avr-gcc -Wall -g2 -gstabs -O0 -fpack-struct -fshort-enums -ffunction-sections -fdata-sections -std=gnu99 -funsigned-char -funsigned-bitfields -mmcu=atmega32 -DF_CPU=1000000UL -MMD -MP -MF"Mini_Project2.d" -MT"Mini_Project2.o" -c -o "Mini_Project2.o" "../Mini_Project2.c"
In file included from ../Mini_Project2.c:2:
c:/winavr-20100110/lib/gcc/../../avr/include/util/delay.h:90:3: warning: #warning "Compiler optimizations disabled; functions from <util/delay.h> won't work as designed"
Finished building: ../Mini_Project2.c
 
Building target: Mini_Project2.c.elf
Invoking: AVR C Linker
avr-gcc -Wl,-Map,Mini_Project2.c.map -mmcu=atmega32 -o "Mini_Project2.c.elf"  ./Mini_Project2.o   
Finished building target: Mini_Project2.c.elf
 
Invoking: AVR Create Extended Listing
avr-objdump -h -S Mini_Project2.c.elf  >"Mini_Project2.c.lss"
Finished building: Mini_Project2.c.lss
 
Invoking: Print Size
avr-size --format=avr --mcu=atmega32 Mini_Project2.c.elf
AVR Memory Usage
----------------
Device: atmega32

Program:    7418 bytes (22.6% Full)
(.text + .data + .bootloader)

Data:         14 bytes (0.7% Full)
(.data + .bss + .noinit)


Finished building: sizedummy
 
16:35:24 **** Incremental Build of configuration Debug for project Mini_Project2.c ****
make all 
Building file: ../Mini_Project2.c
Invoking: AVR Compiler
avr-gcc -Wall -g2 -gstabs -O0 -fpack-struct -fshort-enums -ffunction-sections -fdata-sections -std=gnu99 -funsigned-char -funsigned-bitfields -mmcu=atmega32 -DF_CPU=1000000UL -MMD -MP -MF"Mini_Project2.d" -MT"Mini_Project2.o" -c -o "Mini_Project2.o" "../Mini_Project2.c"
In file included from ../Mini_Project2.c:2:
c:/winavr-20100110/lib/gcc/../../avr/include/util/delay.h:90:3: warning: #warning "Compiler optimizations disabled; functions from <util/delay.h> won't work as designed"
Finished building: ../Mini_Project2.c
 
Building target: Mini_Project2.c.elf
Invoking: AVR C Linker
avr-gcc -Wl,-Map,Mini_Project2.c.map -mmcu=atmega32 -o "Mini_Project2.c.elf"  ./Mini_Project2.o   
Finished building target: Mini_Project2.c.elf
 
Invoking: AVR Create Extended Listing
avr-objdump -h -S Mini_Project2.c.elf  >"Mini_Project2.c.lss"
Finished building: Mini_Project2.c.lss
 
Invoking: Print Size
avr-size --format=avr --mcu=atmega32 Mini_Project2.c.elf
AVR Memory Usage
----------------
Device: atmega32

Program:    7468 bytes (22.8% Full)
(.text + .data + .bootloader)

Data:         14 bytes (0.7% Full)
(.data + .bss + .noinit)


Finished building: sizedummy
 
16:36:24 **** Incremental Build of configuration Debug for project Mini_Project2.c ****
make all 
Building file: ../Mini_Project2.c
Invoking: AVR Compiler
avr-gcc -Wall -g2 -gstabs -O0 -fpack-struct -fshort-enums -ffunction-sections -fdata-sections -std=gnu99 -funsigned-char -funsigned-bitfields -mmcu=atmega32 -DF_CPU=1000000UL -MMD -MP -MF"Mini_Project2.d" -MT"Mini_Project2.o" -c -o "Mini_Project2.o" "../Mini_Project2.c"
In file included from ../Mini_Project2.c:2:
c:/winavr-20100110/lib/gcc/../../avr/include/util/delay.h:90:3: warning: #warning "Compiler optimizations disabled; functions from <util/delay.h> won't work as designed"
Finished building: ../Mini_Project2.c
 
Building target: Mini_Project2.c.elf
Invoking: AVR C Linker
avr-gcc -Wl,-Map,Mini_Project2.c.map -mmcu=atmega32 -o "Mini_Project2.c.elf"  ./Mini_Project2.o   
Finished building target: Mini_Project2.c.elf
 
Invoking: AVR Create Extended Listing
avr-objdump -h -S Mini_Project2.c.elf  >"Mini_Project2.c.lss"
Finished building: Mini_Project2.c.lss
 
Invoking: Print Size
avr-size --format=avr --mcu=atmega32 Mini_Project2.c.elf
AVR Memory Usage
----------------
Device: atmega32

Program:    8080 bytes (24.7% Full)
(.text + .data + .bootloader)

Data:         14 bytes (0.7% Full)
(.data + .bss + .noinit)


Finished building: sizedummy
 
16:37:06 **** Incremental Build of configuration Debug for project Mini_Project2.c ****
make all 
Building file: ../Mini_Project2.c
Invoking: AVR Compiler
avr-gcc -Wall -g2 -gstabs -O0 -fpack-struct -fshort-enums -ffunction-sections -fdata-sections -std=gnu99 -funsigned-char -funsigned-bitfields -mmcu=atmega32 -DF_CPU=1000000UL -MMD -MP -MF"Mini_Project2.d" -MT"Mini_Project2.o" -c -o "Mini_Project2.o" "../Mini_Project2.c"
In file included from ../Mini_Project2.c:2:
c:/winavr-20100110/lib/gcc/../../avr/include/util/delay.h:90:3: warning: #warning "Compiler optimizations disabled; functions from <util/delay.h> won't work as designed"
Finished building: ../Mini_Project2.c
 
Building target: Mini_Project2.c.elf
Invoking: AVR C Linker
avr-gcc -Wl,-Map,Mini_Project2.c.map -mmcu=atmega32 -o "Mini_Project2.c.elf"  ./Mini_Project2.o   
Finished building target: Mini_Project2.c.elf
 
Invoking: AVR Create Extended Listing
avr-objdump -h -S Mini_Project2.c.elf  >"Mini_Project2.c.lss"
Finished building: Mini_Project2.c.lss
 
Invoking: Print Size
avr-size --format=avr --mcu=atmega32 Mini_Project2.c.elf
AVR Memory Usage
----------------
Device: atmega32

Program:    7842 bytes (23.9% Full)
(.text + .data + .bootloader)

Data:         14 bytes (0.7% Full)
(.data + .bss + .noinit)


Finished building: sizedummy
 
16:39:36 **** Incremental Build of configuration Debug for project Mini_Project2.c ****
make all 
Building file: ../Mini_Project2.c
Invoking: AVR Compiler
avr-gcc -Wall -g2 -gstabs -O0 -fpack-struct -fshort-enums -ffunction-sections -fdata-sections -std=gnu99 -funsigned-char -funsigned-bitfields -mmcu=atmega32 -DF_CPU=1000000UL -MMD -MP -MF"Mini_Project2.d" -MT"Mini_Project2.o" -c -o "Mini_Project2.o" "../Mini_Project2.c"
In file included from ../Mini_Project2.c:2:
c:/winavr-20100110/lib/gcc/../../avr/include/util/delay.h:90:3: warning: #warning "Compiler optimizations disabled; functions from <util/delay.h> won't work as designed"
Finished building: ../Mini_Project2.c
 
Building target: Mini_Project2.c.elf
Invoking: AVR C Linker
avr-gcc -Wl,-Map,Mini_Project2.c.map -mmcu=atmega32 -o "Mini_Project2.c.elf"  ./Mini_Project2.o   
Finished building target: Mini_Project2.c.elf
 
Invoking: AVR Create Extended Listing
avr-objdump -h -S Mini_Project2.c.elf  >"Mini_Project2.c.lss"
Finished building: Mini_Project2.c.lss
 
Invoking: Print Size
avr-size --format=avr --mcu=atmega32 Mini_Project2.c.elf
AVR Memory Usage
----------------
Device: atmega32

Program:    7446 bytes (22.7% Full)
(.text + .data + .bootloader)

Data:         14 bytes (0.7% Full)
(.data + .bss + .noinit)


Finished building: sizedummy
 
