16:39:36 **** Incremental Build of configuration Debug for project Mini_Project2.c ****
make all 
Building file: ../Mini_Project2.c
Invoking: AVR Compiler
avr-gcc -Wall -g2 -gstabs -O0 -fpack-struct -fshort-enums -ffunction-sections -fdata-sections -std=gnu99 -funsigned-char -funsigned-bitfields -mmcu=atmega32 -DF_CPU=1000000UL -MMD -MP -MF"Mini_Project2.d" -MT"Mini_Project2.o" -c -o "Mini_Project2.o" "../Mini_Project2.c"
In file included from ../Mini_Project2.c:2:
c:/winavr-20100110/lib/gcc/../../avr/include/util/delay.h:90:3: warning: #warning "Compiler optimizations disabled; functions from <util/delay.h> won't work as designed"
Finished building: ../Mini_Project2.c
 
Building target: Mini_Project2.c.elf
Invoking: AVR C Linker
avr-gcc -Wl,-Map,Mini_Project2.c.map -mmcu=atmega32 -o "Mini_Project2.c.elf"  ./Mini_Project2.o   
Finished building target: Mini_Project2.c.elf
 
Invoking: AVR Create Extended Listing
avr-objdump -h -S Mini_Project2.c.elf  >"Mini_Project2.c.lss"
Finished building: Mini_Project2.c.lss
 
Invoking: Print Size
avr-size --format=avr --mcu=atmega32 Mini_Project2.c.elf
AVR Memory Usage
----------------
Device: atmega32

Program:    7446 bytes (22.7% Full)
(.text + .data + .bootloader)

Data:         14 bytes (0.7% Full)
(.data + .bss + .noinit)


Finished building: sizedummy
 

16:39:38 Build Finished. 0 errors, 1 warnings. (took 1s.447ms)

