20:41:20 **** Incremental Build of configuration Debug for project Control_ECU ****
make all 
Building file: ../Control_ECU.c
Invoking: AVR Compiler
avr-gcc -Wall -g2 -gstabs -O0 -fpack-struct -fshort-enums -ffunction-sections -fdata-sections -std=gnu99 -funsigned-char -funsigned-bitfields -mmcu=atmega32 -DF_CPU=8000000UL -MMD -MP -MF"Control_ECU.d" -MT"Control_ECU.o" -c -o "Control_ECU.o" "../Control_ECU.c"
In file included from ../Control_ECU.c:2:
c:/winavr-20100110/lib/gcc/../../avr/include/util\delay.h:90:3: warning: #warning "Compiler optimizations disabled; functions from <util/delay.h> won't work as designed"
Finished building: ../Control_ECU.c
 
Building target: Control_ECU.elf
Invoking: AVR C Linker
avr-gcc -Wl,-Map,Control_ECU.map -mmcu=atmega32 -o "Control_ECU.elf"  ./Control_ECU.o ./buzzer.o ./dc_motor.o ./gpio.o ./lcd.o ./timer0_pwm.o ./uart.o   
Finished building target: Control_ECU.elf
 
Invoking: AVR Create Extended Listing
avr-objdump -h -S Control_ECU.elf  >"Control_ECU.lss"
Finished building: Control_ECU.lss
 
Invoking: Print Size
avr-size --format=avr --mcu=atmega32 Control_ECU.elf
AVR Memory Usage
----------------
Device: atmega32

Program:   12068 bytes (36.8% Full)
(.text + .data + .bootloader)

Data:        272 bytes (13.3% Full)
(.data + .bss + .noinit)


Finished building: sizedummy
 

20:41:21 Build Finished. 0 errors, 1 warnings. (took 1s.399ms)

