19:34:35 **** Incremental Build of configuration Debug for project HMI_ECU ****
make all 
Invoking: Print Size
avr-size --format=avr --mcu=atmega32 HMI_ECU.elf
AVR Memory Usage
----------------
Device: atmega32

Program:   18742 bytes (57.2% Full)
(.text + .data + .bootloader)

Data:        106 bytes (5.2% Full)
(.data + .bss + .noinit)


Finished building: sizedummy
 
19:36:35 **** Incremental Build of configuration Debug for project Control_ECU ****
make all 
Invoking: Print Size
avr-size --format=avr --mcu=atmega32 Control_ECU.elf
AVR Memory Usage
----------------
Device: atmega32

Program:   11180 bytes (34.1% Full)
(.text + .data + .bootloader)

Data:        272 bytes (13.3% Full)
(.data + .bss + .noinit)


Finished building: sizedummy
 
19:36:36 **** Incremental Build of configuration Debug for project HMI_ECU ****
make all 
Building file: ../HMI_ECU.c
Invoking: AVR Compiler
avr-gcc -Wall -g2 -gstabs -O0 -fpack-struct -fshort-enums -ffunction-sections -fdata-sections -std=gnu99 -funsigned-char -funsigned-bitfields -mmcu=atmega32 -DF_CPU=8000000UL -MMD -MP -MF"HMI_ECU.d" -MT"HMI_ECU.o" -c -o "HMI_ECU.o" "../HMI_ECU.c"
In file included from ../HMI_ECU.c:2:
c:/winavr-20100110/lib/gcc/../../avr/include/util\delay.h:90:3: warning: #warning "Compiler optimizations disabled; functions from <util/delay.h> won't work as designed"
../HMI_ECU.c: In function 'main':
../HMI_ECU.c:28: warning: unused variable 'pass1_confirm'
Finished building: ../HMI_ECU.c
 
Building target: HMI_ECU.elf
Invoking: AVR C Linker
avr-gcc -Wl,-Map,HMI_ECU.map -mmcu=atmega32 -o "HMI_ECU.elf"  ./HMI_ECU.o ./buzzer.o ./gpio.o ./keypad.o ./lcd.o ./timer1.o ./uart.o   
Finished building target: HMI_ECU.elf
 
Invoking: AVR Create Extended Listing
avr-objdump -h -S HMI_ECU.elf  >"HMI_ECU.lss"
Finished building: HMI_ECU.lss
 
Invoking: Print Size
avr-size --format=avr --mcu=atmega32 HMI_ECU.elf
AVR Memory Usage
----------------
Device: atmega32

Program:   18742 bytes (57.2% Full)
(.text + .data + .bootloader)

Data:        106 bytes (5.2% Full)
(.data + .bss + .noinit)


Finished building: sizedummy
 
19:42:09 **** Incremental Build of configuration Debug for project Control_ECU ****
make all 
Building file: ../Control_ECU.c
Invoking: AVR Compiler
avr-gcc -Wall -g2 -gstabs -O0 -fpack-struct -fshort-enums -ffunction-sections -fdata-sections -std=gnu99 -funsigned-char -funsigned-bitfields -mmcu=atmega32 -DF_CPU=8000000UL -MMD -MP -MF"Control_ECU.d" -MT"Control_ECU.o" -c -o "Control_ECU.o" "../Control_ECU.c"
In file included from ../Control_ECU.c:2:
c:/winavr-20100110/lib/gcc/../../avr/include/util\delay.h:90:3: warning: #warning "Compiler optimizations disabled; functions from <util/delay.h> won't work as designed"
Finished building: ../Control_ECU.c
 
Building target: Control_ECU.elf
Invoking: AVR C Linker
avr-gcc -Wl,-Map,Control_ECU.map -mmcu=atmega32 -o "Control_ECU.elf"  ./Control_ECU.o ./buzzer.o ./dc_motor.o ./gpio.o ./lcd.o ./timer0_pwm.o ./uart.o   
Finished building target: Control_ECU.elf
 
Invoking: AVR Create Extended Listing
avr-objdump -h -S Control_ECU.elf  >"Control_ECU.lss"
Finished building: Control_ECU.lss
 
Invoking: Print Size
avr-size --format=avr --mcu=atmega32 Control_ECU.elf
AVR Memory Usage
----------------
Device: atmega32

Program:   11184 bytes (34.1% Full)
(.text + .data + .bootloader)

Data:        272 bytes (13.3% Full)
(.data + .bss + .noinit)


Finished building: sizedummy
 
19:42:10 **** Incremental Build of configuration Debug for project HMI_ECU ****
make all 
Invoking: Print Size
avr-size --format=avr --mcu=atmega32 HMI_ECU.elf
AVR Memory Usage
----------------
Device: atmega32

Program:   18742 bytes (57.2% Full)
(.text + .data + .bootloader)

Data:        106 bytes (5.2% Full)
(.data + .bss + .noinit)


Finished building: sizedummy
 
19:46:02 **** Incremental Build of configuration Debug for project Control_ECU ****
make all 
Building file: ../Control_ECU.c
Invoking: AVR Compiler
avr-gcc -Wall -g2 -gstabs -O0 -fpack-struct -fshort-enums -ffunction-sections -fdata-sections -std=gnu99 -funsigned-char -funsigned-bitfields -mmcu=atmega32 -DF_CPU=8000000UL -MMD -MP -MF"Control_ECU.d" -MT"Control_ECU.o" -c -o "Control_ECU.o" "../Control_ECU.c"
In file included from ../Control_ECU.c:2:
c:/winavr-20100110/lib/gcc/../../avr/include/util\delay.h:90:3: warning: #warning "Compiler optimizations disabled; functions from <util/delay.h> won't work as designed"
Finished building: ../Control_ECU.c
 
Building target: Control_ECU.elf
Invoking: AVR C Linker
avr-gcc -Wl,-Map,Control_ECU.map -mmcu=atmega32 -o "Control_ECU.elf"  ./Control_ECU.o ./buzzer.o ./dc_motor.o ./gpio.o ./lcd.o ./timer0_pwm.o ./uart.o   
Finished building target: Control_ECU.elf
 
Invoking: AVR Create Extended Listing
avr-objdump -h -S Control_ECU.elf  >"Control_ECU.lss"
Finished building: Control_ECU.lss
 
Invoking: Print Size
avr-size --format=avr --mcu=atmega32 Control_ECU.elf
AVR Memory Usage
----------------
Device: atmega32

Program:   11454 bytes (35.0% Full)
(.text + .data + .bootloader)

Data:        272 bytes (13.3% Full)
(.data + .bss + .noinit)


Finished building: sizedummy
 
19:46:04 **** Incremental Build of configuration Debug for project HMI_ECU ****
make all 
Invoking: Print Size
avr-size --format=avr --mcu=atmega32 HMI_ECU.elf
AVR Memory Usage
----------------
Device: atmega32

Program:   18742 bytes (57.2% Full)
(.text + .data + .bootloader)

Data:        106 bytes (5.2% Full)
(.data + .bss + .noinit)


Finished building: sizedummy
 
19:55:14 **** Incremental Build of configuration Debug for project Control_ECU ****
make all 
Invoking: Print Size
avr-size --format=avr --mcu=atmega32 Control_ECU.elf
AVR Memory Usage
----------------
Device: atmega32

Program:   11454 bytes (35.0% Full)
(.text + .data + .bootloader)

Data:        272 bytes (13.3% Full)
(.data + .bss + .noinit)


Finished building: sizedummy
 
19:55:14 **** Incremental Build of configuration Debug for project HMI_ECU ****
make all 
Building file: ../HMI_ECU.c
Invoking: AVR Compiler
avr-gcc -Wall -g2 -gstabs -O0 -fpack-struct -fshort-enums -ffunction-sections -fdata-sections -std=gnu99 -funsigned-char -funsigned-bitfields -mmcu=atmega32 -DF_CPU=8000000UL -MMD -MP -MF"HMI_ECU.d" -MT"HMI_ECU.o" -c -o "HMI_ECU.o" "../HMI_ECU.c"
In file included from ../HMI_ECU.c:2:
c:/winavr-20100110/lib/gcc/../../avr/include/util\delay.h:90:3: warning: #warning "Compiler optimizations disabled; functions from <util/delay.h> won't work as designed"
../HMI_ECU.c: In function 'main':
../HMI_ECU.c:28: warning: unused variable 'pass1_confirm'
Finished building: ../HMI_ECU.c
 
Building target: HMI_ECU.elf
Invoking: AVR C Linker
avr-gcc -Wl,-Map,HMI_ECU.map -mmcu=atmega32 -o "HMI_ECU.elf"  ./HMI_ECU.o ./buzzer.o ./gpio.o ./keypad.o ./lcd.o ./timer1.o ./uart.o   
Finished building target: HMI_ECU.elf
 
Invoking: AVR Create Extended Listing
avr-objdump -h -S HMI_ECU.elf  >"HMI_ECU.lss"
Finished building: HMI_ECU.lss
 
Invoking: Print Size
avr-size --format=avr --mcu=atmega32 HMI_ECU.elf
AVR Memory Usage
----------------
Device: atmega32

Program:   18752 bytes (57.2% Full)
(.text + .data + .bootloader)

Data:        106 bytes (5.2% Full)
(.data + .bss + .noinit)


Finished building: sizedummy
 
20:07:05 **** Incremental Build of configuration Debug for project Control_ECU ****
make all 
Invoking: Print Size
avr-size --format=avr --mcu=atmega32 Control_ECU.elf
AVR Memory Usage
----------------
Device: atmega32

Program:   11454 bytes (35.0% Full)
(.text + .data + .bootloader)

Data:        272 bytes (13.3% Full)
(.data + .bss + .noinit)


Finished building: sizedummy
 
20:07:05 **** Incremental Build of configuration Debug for project HMI_ECU ****
make all 
Building file: ../HMI_ECU.c
Invoking: AVR Compiler
avr-gcc -Wall -g2 -gstabs -O0 -fpack-struct -fshort-enums -ffunction-sections -fdata-sections -std=gnu99 -funsigned-char -funsigned-bitfields -mmcu=atmega32 -DF_CPU=8000000UL -MMD -MP -MF"HMI_ECU.d" -MT"HMI_ECU.o" -c -o "HMI_ECU.o" "../HMI_ECU.c"
In file included from ../HMI_ECU.c:2:
c:/winavr-20100110/lib/gcc/../../avr/include/util\delay.h:90:3: warning: #warning "Compiler optimizations disabled; functions from <util/delay.h> won't work as designed"
../HMI_ECU.c: In function 'main':
../HMI_ECU.c:28: warning: unused variable 'pass1_confirm'
Finished building: ../HMI_ECU.c
 
Building target: HMI_ECU.elf
Invoking: AVR C Linker
avr-gcc -Wl,-Map,HMI_ECU.map -mmcu=atmega32 -o "HMI_ECU.elf"  ./HMI_ECU.o ./buzzer.o ./gpio.o ./keypad.o ./lcd.o ./timer1.o ./uart.o   
Finished building target: HMI_ECU.elf
 
Invoking: AVR Create Extended Listing
avr-objdump -h -S HMI_ECU.elf  >"HMI_ECU.lss"
Finished building: HMI_ECU.lss
 
Invoking: Print Size
avr-size --format=avr --mcu=atmega32 HMI_ECU.elf
AVR Memory Usage
----------------
Device: atmega32

Program:   18752 bytes (57.2% Full)
(.text + .data + .bootloader)

Data:        106 bytes (5.2% Full)
(.data + .bss + .noinit)


Finished building: sizedummy
 
20:15:13 **** Incremental Build of configuration Debug for project Control_ECU ****
make all 
Invoking: Print Size
avr-size --format=avr --mcu=atmega32 Control_ECU.elf
AVR Memory Usage
----------------
Device: atmega32

Program:   11454 bytes (35.0% Full)
(.text + .data + .bootloader)

Data:        272 bytes (13.3% Full)
(.data + .bss + .noinit)


Finished building: sizedummy
 
20:15:14 **** Incremental Build of configuration Debug for project HMI_ECU ****
make all 
Building file: ../HMI_ECU.c
Invoking: AVR Compiler
avr-gcc -Wall -g2 -gstabs -O0 -fpack-struct -fshort-enums -ffunction-sections -fdata-sections -std=gnu99 -funsigned-char -funsigned-bitfields -mmcu=atmega32 -DF_CPU=8000000UL -MMD -MP -MF"HMI_ECU.d" -MT"HMI_ECU.o" -c -o "HMI_ECU.o" "../HMI_ECU.c"
In file included from ../HMI_ECU.c:2:
c:/winavr-20100110/lib/gcc/../../avr/include/util\delay.h:90:3: warning: #warning "Compiler optimizations disabled; functions from <util/delay.h> won't work as designed"
../HMI_ECU.c: In function 'main':
../HMI_ECU.c:28: warning: unused variable 'pass1_confirm'
Finished building: ../HMI_ECU.c
 
Building target: HMI_ECU.elf
Invoking: AVR C Linker
avr-gcc -Wl,-Map,HMI_ECU.map -mmcu=atmega32 -o "HMI_ECU.elf"  ./HMI_ECU.o ./buzzer.o ./gpio.o ./keypad.o ./lcd.o ./timer1.o ./uart.o   
Finished building target: HMI_ECU.elf
 
Invoking: AVR Create Extended Listing
avr-objdump -h -S HMI_ECU.elf  >"HMI_ECU.lss"
Finished building: HMI_ECU.lss
 
Invoking: Print Size
avr-size --format=avr --mcu=atmega32 HMI_ECU.elf
AVR Memory Usage
----------------
Device: atmega32

Program:   19182 bytes (58.5% Full)
(.text + .data + .bootloader)

Data:        138 bytes (6.7% Full)
(.data + .bss + .noinit)


Finished building: sizedummy
 
20:16:39 **** Incremental Build of configuration Debug for project Control_ECU ****
make all 
Invoking: Print Size
avr-size --format=avr --mcu=atmega32 Control_ECU.elf
AVR Memory Usage
----------------
Device: atmega32

Program:   11454 bytes (35.0% Full)
(.text + .data + .bootloader)

Data:        272 bytes (13.3% Full)
(.data + .bss + .noinit)


Finished building: sizedummy
 
20:16:39 **** Incremental Build of configuration Debug for project HMI_ECU ****
make all 
Building file: ../HMI_ECU.c
Invoking: AVR Compiler
avr-gcc -Wall -g2 -gstabs -O0 -fpack-struct -fshort-enums -ffunction-sections -fdata-sections -std=gnu99 -funsigned-char -funsigned-bitfields -mmcu=atmega32 -DF_CPU=8000000UL -MMD -MP -MF"HMI_ECU.d" -MT"HMI_ECU.o" -c -o "HMI_ECU.o" "../HMI_ECU.c"
In file included from ../HMI_ECU.c:2:
c:/winavr-20100110/lib/gcc/../../avr/include/util\delay.h:90:3: warning: #warning "Compiler optimizations disabled; functions from <util/delay.h> won't work as designed"
../HMI_ECU.c: In function 'main':
../HMI_ECU.c:28: warning: unused variable 'pass1_confirm'
Finished building: ../HMI_ECU.c
 
Building target: HMI_ECU.elf
Invoking: AVR C Linker
avr-gcc -Wl,-Map,HMI_ECU.map -mmcu=atmega32 -o "HMI_ECU.elf"  ./HMI_ECU.o ./buzzer.o ./gpio.o ./keypad.o ./lcd.o ./timer1.o ./uart.o   
Finished building target: HMI_ECU.elf
 
Invoking: AVR Create Extended Listing
avr-objdump -h -S HMI_ECU.elf  >"HMI_ECU.lss"
Finished building: HMI_ECU.lss
 
Invoking: Print Size
avr-size --format=avr --mcu=atmega32 HMI_ECU.elf
AVR Memory Usage
----------------
Device: atmega32

Program:   19182 bytes (58.5% Full)
(.text + .data + .bootloader)

Data:        138 bytes (6.7% Full)
(.data + .bss + .noinit)


Finished building: sizedummy
 
20:17:49 **** Incremental Build of configuration Debug for project Control_ECU ****
make all 
Building file: ../Control_ECU.c
Invoking: AVR Compiler
avr-gcc -Wall -g2 -gstabs -O0 -fpack-struct -fshort-enums -ffunction-sections -fdata-sections -std=gnu99 -funsigned-char -funsigned-bitfields -mmcu=atmega32 -DF_CPU=8000000UL -MMD -MP -MF"Control_ECU.d" -MT"Control_ECU.o" -c -o "Control_ECU.o" "../Control_ECU.c"
In file included from ../Control_ECU.c:2:
c:/winavr-20100110/lib/gcc/../../avr/include/util\delay.h:90:3: warning: #warning "Compiler optimizations disabled; functions from <util/delay.h> won't work as designed"
Finished building: ../Control_ECU.c
 
Building target: Control_ECU.elf
Invoking: AVR C Linker
avr-gcc -Wl,-Map,Control_ECU.map -mmcu=atmega32 -o "Control_ECU.elf"  ./Control_ECU.o ./buzzer.o ./dc_motor.o ./gpio.o ./lcd.o ./timer0_pwm.o ./uart.o   
Finished building target: Control_ECU.elf
 
Invoking: AVR Create Extended Listing
avr-objdump -h -S Control_ECU.elf  >"Control_ECU.lss"
Finished building: Control_ECU.lss
 
Invoking: Print Size
avr-size --format=avr --mcu=atmega32 Control_ECU.elf
AVR Memory Usage
----------------
Device: atmega32

Program:   11454 bytes (35.0% Full)
(.text + .data + .bootloader)

Data:        272 bytes (13.3% Full)
(.data + .bss + .noinit)


Finished building: sizedummy
 
20:17:51 **** Incremental Build of configuration Debug for project HMI_ECU ****
make all 
Invoking: Print Size
avr-size --format=avr --mcu=atmega32 HMI_ECU.elf
AVR Memory Usage
----------------
Device: atmega32

Program:   19182 bytes (58.5% Full)
(.text + .data + .bootloader)

Data:        138 bytes (6.7% Full)
(.data + .bss + .noinit)


Finished building: sizedummy
 
20:20:18 **** Incremental Build of configuration Debug for project Control_ECU ****
make all 
Building file: ../Control_ECU.c
Invoking: AVR Compiler
avr-gcc -Wall -g2 -gstabs -O0 -fpack-struct -fshort-enums -ffunction-sections -fdata-sections -std=gnu99 -funsigned-char -funsigned-bitfields -mmcu=atmega32 -DF_CPU=8000000UL -MMD -MP -MF"Control_ECU.d" -MT"Control_ECU.o" -c -o "Control_ECU.o" "../Control_ECU.c"
In file included from ../Control_ECU.c:2:
c:/winavr-20100110/lib/gcc/../../avr/include/util\delay.h:90:3: warning: #warning "Compiler optimizations disabled; functions from <util/delay.h> won't work as designed"
Finished building: ../Control_ECU.c
 
Building target: Control_ECU.elf
Invoking: AVR C Linker
avr-gcc -Wl,-Map,Control_ECU.map -mmcu=atmega32 -o "Control_ECU.elf"  ./Control_ECU.o ./buzzer.o ./dc_motor.o ./gpio.o ./lcd.o ./timer0_pwm.o ./uart.o   
Finished building target: Control_ECU.elf
 
Invoking: AVR Create Extended Listing
avr-objdump -h -S Control_ECU.elf  >"Control_ECU.lss"
Finished building: Control_ECU.lss
 
Invoking: Print Size
avr-size --format=avr --mcu=atmega32 Control_ECU.elf
AVR Memory Usage
----------------
Device: atmega32

Program:   12068 bytes (36.8% Full)
(.text + .data + .bootloader)

Data:        272 bytes (13.3% Full)
(.data + .bss + .noinit)


Finished building: sizedummy
 
20:20:19 **** Incremental Build of configuration Debug for project HMI_ECU ****
make all 
Building file: ../HMI_ECU.c
Invoking: AVR Compiler
avr-gcc -Wall -g2 -gstabs -O0 -fpack-struct -fshort-enums -ffunction-sections -fdata-sections -std=gnu99 -funsigned-char -funsigned-bitfields -mmcu=atmega32 -DF_CPU=8000000UL -MMD -MP -MF"HMI_ECU.d" -MT"HMI_ECU.o" -c -o "HMI_ECU.o" "../HMI_ECU.c"
In file included from ../HMI_ECU.c:2:
c:/winavr-20100110/lib/gcc/../../avr/include/util\delay.h:90:3: warning: #warning "Compiler optimizations disabled; functions from <util/delay.h> won't work as designed"
../HMI_ECU.c: In function 'main':
../HMI_ECU.c:28: warning: unused variable 'pass1_confirm'
Finished building: ../HMI_ECU.c
 
Building target: HMI_ECU.elf
Invoking: AVR C Linker
avr-gcc -Wl,-Map,HMI_ECU.map -mmcu=atmega32 -o "HMI_ECU.elf"  ./HMI_ECU.o ./buzzer.o ./gpio.o ./keypad.o ./lcd.o ./timer1.o ./uart.o   
Finished building target: HMI_ECU.elf
 
Invoking: AVR Create Extended Listing
avr-objdump -h -S HMI_ECU.elf  >"HMI_ECU.lss"
Finished building: HMI_ECU.lss
 
Invoking: Print Size
avr-size --format=avr --mcu=atmega32 HMI_ECU.elf
AVR Memory Usage
----------------
Device: atmega32

Program:   19568 bytes (59.7% Full)
(.text + .data + .bootloader)

Data:        154 bytes (7.5% Full)
(.data + .bss + .noinit)


Finished building: sizedummy
 
20:21:18 **** Incremental Build of configuration Debug for project Control_ECU ****
make all 
Building file: ../Control_ECU.c
Invoking: AVR Compiler
avr-gcc -Wall -g2 -gstabs -O0 -fpack-struct -fshort-enums -ffunction-sections -fdata-sections -std=gnu99 -funsigned-char -funsigned-bitfields -mmcu=atmega32 -DF_CPU=8000000UL -MMD -MP -MF"Control_ECU.d" -MT"Control_ECU.o" -c -o "Control_ECU.o" "../Control_ECU.c"
In file included from ../Control_ECU.c:2:
c:/winavr-20100110/lib/gcc/../../avr/include/util\delay.h:90:3: warning: #warning "Compiler optimizations disabled; functions from <util/delay.h> won't work as designed"
Finished building: ../Control_ECU.c
 
Building target: Control_ECU.elf
Invoking: AVR C Linker
avr-gcc -Wl,-Map,Control_ECU.map -mmcu=atmega32 -o "Control_ECU.elf"  ./Control_ECU.o ./buzzer.o ./dc_motor.o ./gpio.o ./lcd.o ./timer0_pwm.o ./uart.o   
Finished building target: Control_ECU.elf
 
Invoking: AVR Create Extended Listing
avr-objdump -h -S Control_ECU.elf  >"Control_ECU.lss"
Finished building: Control_ECU.lss
 
Invoking: Print Size
avr-size --format=avr --mcu=atmega32 Control_ECU.elf
AVR Memory Usage
----------------
Device: atmega32

Program:   12068 bytes (36.8% Full)
(.text + .data + .bootloader)

Data:        272 bytes (13.3% Full)
(.data + .bss + .noinit)


Finished building: sizedummy
 
20:21:20 **** Incremental Build of configuration Debug for project HMI_ECU ****
make all 
Building file: ../HMI_ECU.c
Invoking: AVR Compiler
avr-gcc -Wall -g2 -gstabs -O0 -fpack-struct -fshort-enums -ffunction-sections -fdata-sections -std=gnu99 -funsigned-char -funsigned-bitfields -mmcu=atmega32 -DF_CPU=8000000UL -MMD -MP -MF"HMI_ECU.d" -MT"HMI_ECU.o" -c -o "HMI_ECU.o" "../HMI_ECU.c"
In file included from ../HMI_ECU.c:2:
c:/winavr-20100110/lib/gcc/../../avr/include/util\delay.h:90:3: warning: #warning "Compiler optimizations disabled; functions from <util/delay.h> won't work as designed"
../HMI_ECU.c: In function 'main':
../HMI_ECU.c:28: warning: unused variable 'pass1_confirm'
Finished building: ../HMI_ECU.c
 
Building target: HMI_ECU.elf
Invoking: AVR C Linker
avr-gcc -Wl,-Map,HMI_ECU.map -mmcu=atmega32 -o "HMI_ECU.elf"  ./HMI_ECU.o ./buzzer.o ./gpio.o ./keypad.o ./lcd.o ./timer1.o ./uart.o   
Finished building target: HMI_ECU.elf
 
Invoking: AVR Create Extended Listing
avr-objdump -h -S HMI_ECU.elf  >"HMI_ECU.lss"
Finished building: HMI_ECU.lss
 
Invoking: Print Size
avr-size --format=avr --mcu=atmega32 HMI_ECU.elf
AVR Memory Usage
----------------
Device: atmega32

Program:   19568 bytes (59.7% Full)
(.text + .data + .bootloader)

Data:        154 bytes (7.5% Full)
(.data + .bss + .noinit)


Finished building: sizedummy
 
20:30:16 **** Incremental Build of configuration Debug for project Control_ECU ****
make all 
Building file: ../Control_ECU.c
Invoking: AVR Compiler
avr-gcc -Wall -g2 -gstabs -O0 -fpack-struct -fshort-enums -ffunction-sections -fdata-sections -std=gnu99 -funsigned-char -funsigned-bitfields -mmcu=atmega32 -DF_CPU=8000000UL -MMD -MP -MF"Control_ECU.d" -MT"Control_ECU.o" -c -o "Control_ECU.o" "../Control_ECU.c"
In file included from ../Control_ECU.c:2:
c:/winavr-20100110/lib/gcc/../../avr/include/util\delay.h:90:3: warning: #warning "Compiler optimizations disabled; functions from <util/delay.h> won't work as designed"
Finished building: ../Control_ECU.c
 
Building target: Control_ECU.elf
Invoking: AVR C Linker
avr-gcc -Wl,-Map,Control_ECU.map -mmcu=atmega32 -o "Control_ECU.elf"  ./Control_ECU.o ./buzzer.o ./dc_motor.o ./gpio.o ./lcd.o ./timer0_pwm.o ./uart.o   
Finished building target: Control_ECU.elf
 
Invoking: AVR Create Extended Listing
avr-objdump -h -S Control_ECU.elf  >"Control_ECU.lss"
Finished building: Control_ECU.lss
 
Invoking: Print Size
avr-size --format=avr --mcu=atmega32 Control_ECU.elf
AVR Memory Usage
----------------
Device: atmega32

Program:   12128 bytes (37.0% Full)
(.text + .data + .bootloader)

Data:        272 bytes (13.3% Full)
(.data + .bss + .noinit)


Finished building: sizedummy
 
20:30:18 **** Incremental Build of configuration Debug for project HMI_ECU ****
make all 
Invoking: Print Size
avr-size --format=avr --mcu=atmega32 HMI_ECU.elf
AVR Memory Usage
----------------
Device: atmega32

Program:   19568 bytes (59.7% Full)
(.text + .data + .bootloader)

Data:        154 bytes (7.5% Full)
(.data + .bss + .noinit)


Finished building: sizedummy
 
20:39:48 **** Incremental Build of configuration Debug for project Control_ECU ****
make all 
Building file: ../Control_ECU.c
Invoking: AVR Compiler
avr-gcc -Wall -g2 -gstabs -O0 -fpack-struct -fshort-enums -ffunction-sections -fdata-sections -std=gnu99 -funsigned-char -funsigned-bitfields -mmcu=atmega32 -DF_CPU=8000000UL -MMD -MP -MF"Control_ECU.d" -MT"Control_ECU.o" -c -o "Control_ECU.o" "../Control_ECU.c"
In file included from ../Control_ECU.c:2:
c:/winavr-20100110/lib/gcc/../../avr/include/util\delay.h:90:3: warning: #warning "Compiler optimizations disabled; functions from <util/delay.h> won't work as designed"
Finished building: ../Control_ECU.c
 
Building target: Control_ECU.elf
Invoking: AVR C Linker
avr-gcc -Wl,-Map,Control_ECU.map -mmcu=atmega32 -o "Control_ECU.elf"  ./Control_ECU.o ./buzzer.o ./dc_motor.o ./gpio.o ./lcd.o ./timer0_pwm.o ./uart.o   
Finished building target: Control_ECU.elf
 
Invoking: AVR Create Extended Listing
avr-objdump -h -S Control_ECU.elf  >"Control_ECU.lss"
Finished building: Control_ECU.lss
 
Invoking: Print Size
avr-size --format=avr --mcu=atmega32 Control_ECU.elf
AVR Memory Usage
----------------
Device: atmega32

Program:   12138 bytes (37.0% Full)
(.text + .data + .bootloader)

Data:        272 bytes (13.3% Full)
(.data + .bss + .noinit)


Finished building: sizedummy
 
20:39:50 **** Incremental Build of configuration Debug for project HMI_ECU ****
make all 
Invoking: Print Size
avr-size --format=avr --mcu=atmega32 HMI_ECU.elf
AVR Memory Usage
----------------
Device: atmega32

Program:   19568 bytes (59.7% Full)
(.text + .data + .bootloader)

Data:        154 bytes (7.5% Full)
(.data + .bss + .noinit)


Finished building: sizedummy
 
20:41:20 **** Incremental Build of configuration Debug for project Control_ECU ****
make all 
Building file: ../Control_ECU.c
Invoking: AVR Compiler
avr-gcc -Wall -g2 -gstabs -O0 -fpack-struct -fshort-enums -ffunction-sections -fdata-sections -std=gnu99 -funsigned-char -funsigned-bitfields -mmcu=atmega32 -DF_CPU=8000000UL -MMD -MP -MF"Control_ECU.d" -MT"Control_ECU.o" -c -o "Control_ECU.o" "../Control_ECU.c"
In file included from ../Control_ECU.c:2:
c:/winavr-20100110/lib/gcc/../../avr/include/util\delay.h:90:3: warning: #warning "Compiler optimizations disabled; functions from <util/delay.h> won't work as designed"
Finished building: ../Control_ECU.c
 
Building target: Control_ECU.elf
Invoking: AVR C Linker
avr-gcc -Wl,-Map,Control_ECU.map -mmcu=atmega32 -o "Control_ECU.elf"  ./Control_ECU.o ./buzzer.o ./dc_motor.o ./gpio.o ./lcd.o ./timer0_pwm.o ./uart.o   
Finished building target: Control_ECU.elf
 
Invoking: AVR Create Extended Listing
avr-objdump -h -S Control_ECU.elf  >"Control_ECU.lss"
Finished building: Control_ECU.lss
 
Invoking: Print Size
avr-size --format=avr --mcu=atmega32 Control_ECU.elf
AVR Memory Usage
----------------
Device: atmega32

Program:   12068 bytes (36.8% Full)
(.text + .data + .bootloader)

Data:        272 bytes (13.3% Full)
(.data + .bss + .noinit)


Finished building: sizedummy
 
20:41:22 **** Incremental Build of configuration Debug for project HMI_ECU ****
make all 
Invoking: Print Size
avr-size --format=avr --mcu=atmega32 HMI_ECU.elf
AVR Memory Usage
----------------
Device: atmega32

Program:   19568 bytes (59.7% Full)
(.text + .data + .bootloader)

Data:        154 bytes (7.5% Full)
(.data + .bss + .noinit)


Finished building: sizedummy
 
