21:23:15 **** Incremental Build of configuration Debug for project miniproject_4 ****
make all 
Building file: ../project.c
Invoking: AVR Compiler
avr-gcc -Wall -g2 -gstabs -O0 -fpack-struct -fshort-enums -ffunction-sections -fdata-sections -std=gnu99 -funsigned-char -funsigned-bitfields -mmcu=atmega32 -DF_CPU=8000000UL -MMD -MP -MF"project.d" -MT"project.o" -c -o "project.o" "../project.c"
In file included from ../project.c:3:
c:/winavr-20100110/lib/gcc/../../avr/include/util\delay.h:90:3: warning: #warning "Compiler optimizations disabled; functions from <util/delay.h> won't work as designed"
Finished building: ../project.c
 
Building file: ../ultrasonic.c
Invoking: AVR Compiler
avr-gcc -Wall -g2 -gstabs -O0 -fpack-struct -fshort-enums -ffunction-sections -fdata-sections -std=gnu99 -funsigned-char -funsigned-bitfields -mmcu=atmega32 -DF_CPU=8000000UL -MMD -MP -MF"ultrasonic.d" -MT"ultrasonic.o" -c -o "ultrasonic.o" "../ultrasonic.c"
In file included from ../ultrasonic.c:11:
c:/winavr-20100110/lib/gcc/../../avr/include/util\delay.h:90:3: warning: #warning "Compiler optimizations disabled; functions from <util/delay.h> won't work as designed"
Finished building: ../ultrasonic.c
 
Building target: miniproject_4.elf
Invoking: AVR C Linker
avr-gcc -Wl,-Map,miniproject_4.map -mmcu=atmega32 -o "miniproject_4.elf"  ./gpio.o ./icu.o ./lcd.o ./project.o ./ultrasonic.o   
Finished building target: miniproject_4.elf
 
Invoking: AVR Create Extended Listing
avr-objdump -h -S miniproject_4.elf  >"miniproject_4.lss"
Finished building: miniproject_4.lss
 
Invoking: Print Size
avr-size --format=avr --mcu=atmega32 miniproject_4.elf
AVR Memory Usage
----------------
Device: atmega32

Program:    9674 bytes (29.5% Full)
(.text + .data + .bootloader)

Data:        269 bytes (13.1% Full)
(.data + .bss + .noinit)


Finished building: sizedummy
 

21:23:17 Build Finished. 0 errors, 2 warnings. (took 1s.717ms)

